mode: set
github.com/flanksource/apm-hub/api/logs/logs.go:41.75,42.26 1 0
github.com/flanksource/apm-hub/api/logs/logs.go:42.26,43.21 1 0
github.com/flanksource/apm-hub/api/logs/logs.go:43.21,45.4 1 0
github.com/flanksource/apm-hub/api/logs/logs.go:48.2,48.21 1 0
github.com/flanksource/apm-hub/api/logs/logs.go:60.62,67.2 1 0
github.com/flanksource/apm-hub/api/logs/logs.go:71.67,73.23 2 0
github.com/flanksource/apm-hub/api/logs/logs.go:73.23,75.3 1 0
github.com/flanksource/apm-hub/api/logs/logs.go:76.2,76.17 1 0
github.com/flanksource/apm-hub/api/logs/logs.go:87.51,88.38 1 1
github.com/flanksource/apm-hub/api/logs/logs.go:88.38,90.3 1 1
github.com/flanksource/apm-hub/api/logs/logs.go:92.2,92.62 1 1
github.com/flanksource/apm-hub/api/logs/logs.go:92.62,94.3 1 1
github.com/flanksource/apm-hub/api/logs/logs.go:96.2,96.29 1 1
github.com/flanksource/apm-hub/api/logs/logs.go:96.29,98.10 2 1
github.com/flanksource/apm-hub/api/logs/logs.go:98.10,100.4 1 1
github.com/flanksource/apm-hub/api/logs/logs.go:102.3,103.57 2 1
github.com/flanksource/apm-hub/api/logs/logs.go:103.57,105.4 1 1
github.com/flanksource/apm-hub/api/logs/logs.go:108.2,108.13 1 1
github.com/flanksource/apm-hub/api/logs/logs.go:194.38,195.19 1 0
github.com/flanksource/apm-hub/api/logs/logs.go:195.19,197.3 1 0
github.com/flanksource/apm-hub/api/logs/logs.go:199.2,199.25 1 0
github.com/flanksource/apm-hub/api/logs/logs.go:199.25,201.3 1 0
github.com/flanksource/apm-hub/api/logs/logs.go:203.2,203.18 1 0
github.com/flanksource/apm-hub/api/logs/logs.go:203.18,205.3 1 0
github.com/flanksource/apm-hub/api/logs/logs.go:207.2,207.30 1 0
github.com/flanksource/apm-hub/api/logs/logs.go:207.30,209.3 1 0
github.com/flanksource/apm-hub/api/logs/logs.go:212.44,214.18 2 0
github.com/flanksource/apm-hub/api/logs/logs.go:214.18,216.3 1 0
github.com/flanksource/apm-hub/api/logs/logs.go:218.2,218.55 1 0
github.com/flanksource/apm-hub/api/logs/logs.go:221.46,222.20 1 0
github.com/flanksource/apm-hub/api/logs/logs.go:222.20,224.3 1 0
github.com/flanksource/apm-hub/api/logs/logs.go:226.2,226.70 1 0
github.com/flanksource/apm-hub/api/logs/logs.go:226.70,229.3 2 0
github.com/flanksource/apm-hub/api/logs/logs.go:229.8,229.68 1 0
github.com/flanksource/apm-hub/api/logs/logs.go:229.68,231.3 1 0
github.com/flanksource/apm-hub/api/logs/logs.go:233.2,233.16 1 0
github.com/flanksource/apm-hub/api/logs/logs.go:236.44,237.18 1 0
github.com/flanksource/apm-hub/api/logs/logs.go:237.18,239.3 1 0
github.com/flanksource/apm-hub/api/logs/logs.go:241.2,241.68 1 0
github.com/flanksource/apm-hub/api/logs/logs.go:241.68,244.3 2 0
github.com/flanksource/apm-hub/api/logs/logs.go:244.8,244.66 1 0
github.com/flanksource/apm-hub/api/logs/logs.go:244.66,246.3 1 0
github.com/flanksource/apm-hub/api/logs/logs.go:248.2,248.14 1 0
github.com/flanksource/apm-hub/api/logs/logs.go:251.39,253.18 2 0
github.com/flanksource/apm-hub/api/logs/logs.go:253.18,255.3 1 0
github.com/flanksource/apm-hub/api/logs/logs.go:256.2,256.16 1 0
github.com/flanksource/apm-hub/api/logs/logs.go:256.16,258.3 1 0
github.com/flanksource/apm-hub/api/logs/logs.go:259.2,259.19 1 0
github.com/flanksource/apm-hub/api/logs/logs.go:259.19,261.3 1 0
github.com/flanksource/apm-hub/api/logs/logs.go:262.2,262.19 1 0
github.com/flanksource/apm-hub/api/logs/logs.go:262.19,264.3 1 0
github.com/flanksource/apm-hub/api/logs/logs.go:265.2,265.42 1 0
github.com/flanksource/apm-hub/api/logs/logs.go:265.42,267.3 1 0
github.com/flanksource/apm-hub/api/logs/logs.go:268.2,268.17 1 0
github.com/flanksource/apm-hub/api/logs/logs.go:268.17,270.3 1 0
github.com/flanksource/apm-hub/api/logs/logs.go:271.2,271.17 1 0
github.com/flanksource/apm-hub/api/logs/logs.go:271.17,273.3 1 0
github.com/flanksource/apm-hub/api/logs/logs.go:274.2,274.18 1 0
github.com/flanksource/apm-hub/api/logs/logs.go:274.18,276.3 1 0
github.com/flanksource/apm-hub/api/logs/logs.go:277.2,277.10 1 0
github.com/flanksource/apm-hub/api/logs/logs.go:286.54,290.2 3 0
github.com/flanksource/apm-hub/api/logs/logs.go:301.34,304.20 3 0
github.com/flanksource/apm-hub/api/logs/logs.go:304.20,306.64 2 0
github.com/flanksource/apm-hub/api/logs/logs.go:306.64,309.4 2 0
github.com/flanksource/apm-hub/api/logs/logs.go:311.2,312.10 2 0
github.com/flanksource/apm-hub/api/logs/zz_generated.deepcopy.go:29.59,31.22 2 0
github.com/flanksource/apm-hub/api/logs/zz_generated.deepcopy.go:31.22,34.22 3 0
github.com/flanksource/apm-hub/api/logs/zz_generated.deepcopy.go:34.22,36.4 1 0
github.com/flanksource/apm-hub/api/logs/zz_generated.deepcopy.go:38.2,38.22 1 0
github.com/flanksource/apm-hub/api/logs/zz_generated.deepcopy.go:38.22,41.29 3 0
github.com/flanksource/apm-hub/api/logs/zz_generated.deepcopy.go:41.29,43.4 1 0
github.com/flanksource/apm-hub/api/logs/zz_generated.deepcopy.go:48.52,49.15 1 0
github.com/flanksource/apm-hub/api/logs/zz_generated.deepcopy.go:49.15,51.3 1 0
github.com/flanksource/apm-hub/api/logs/zz_generated.deepcopy.go:52.2,54.12 3 0
github.com/flanksource/apm-hub/api/logs/zz_generated.deepcopy.go:58.85,62.23 4 0
github.com/flanksource/apm-hub/api/logs/zz_generated.deepcopy.go:62.23,66.3 3 0
github.com/flanksource/apm-hub/api/logs/zz_generated.deepcopy.go:67.2,67.22 1 0
github.com/flanksource/apm-hub/api/logs/zz_generated.deepcopy.go:67.22,71.3 3 0
github.com/flanksource/apm-hub/api/logs/zz_generated.deepcopy.go:72.2,72.24 1 0
github.com/flanksource/apm-hub/api/logs/zz_generated.deepcopy.go:72.24,76.3 3 0
github.com/flanksource/apm-hub/api/logs/zz_generated.deepcopy.go:77.2,77.24 1 0
github.com/flanksource/apm-hub/api/logs/zz_generated.deepcopy.go:77.24,81.3 3 0
github.com/flanksource/apm-hub/api/logs/zz_generated.deepcopy.go:85.78,86.15 1 0
github.com/flanksource/apm-hub/api/logs/zz_generated.deepcopy.go:86.15,88.3 1 0
github.com/flanksource/apm-hub/api/logs/zz_generated.deepcopy.go:89.2,91.12 3 0
github.com/flanksource/apm-hub/api/logs/zz_generated.deepcopy.go:95.71,97.26 2 0
github.com/flanksource/apm-hub/api/logs/zz_generated.deepcopy.go:97.26,101.3 3 0
github.com/flanksource/apm-hub/api/logs/zz_generated.deepcopy.go:105.64,106.15 1 0
github.com/flanksource/apm-hub/api/logs/zz_generated.deepcopy.go:106.15,108.3 1 0
github.com/flanksource/apm-hub/api/logs/zz_generated.deepcopy.go:109.2,111.12 3 0
github.com/flanksource/apm-hub/api/logs/zz_generated.deepcopy.go:115.79,118.21 3 0
github.com/flanksource/apm-hub/api/logs/zz_generated.deepcopy.go:118.21,122.3 3 0
github.com/flanksource/apm-hub/api/logs/zz_generated.deepcopy.go:126.72,127.15 1 0
github.com/flanksource/apm-hub/api/logs/zz_generated.deepcopy.go:127.15,129.3 1 0
github.com/flanksource/apm-hub/api/logs/zz_generated.deepcopy.go:130.2,132.12 3 0
github.com/flanksource/apm-hub/api/logs/zz_generated.deepcopy.go:136.91,139.26 3 0
github.com/flanksource/apm-hub/api/logs/zz_generated.deepcopy.go:139.26,143.3 3 0
github.com/flanksource/apm-hub/api/logs/zz_generated.deepcopy.go:147.84,148.15 1 0
github.com/flanksource/apm-hub/api/logs/zz_generated.deepcopy.go:148.15,150.3 1 0
github.com/flanksource/apm-hub/api/logs/zz_generated.deepcopy.go:151.2,153.12 3 0
github.com/flanksource/apm-hub/api/logs/zz_generated.deepcopy.go:157.79,161.24 4 0
github.com/flanksource/apm-hub/api/logs/zz_generated.deepcopy.go:161.24,165.3 3 0
github.com/flanksource/apm-hub/api/logs/zz_generated.deepcopy.go:166.2,166.24 1 0
github.com/flanksource/apm-hub/api/logs/zz_generated.deepcopy.go:166.24,170.3 3 0
github.com/flanksource/apm-hub/api/logs/zz_generated.deepcopy.go:174.72,175.15 1 0
github.com/flanksource/apm-hub/api/logs/zz_generated.deepcopy.go:175.15,177.3 1 0
github.com/flanksource/apm-hub/api/logs/zz_generated.deepcopy.go:178.2,180.12 3 0
github.com/flanksource/apm-hub/api/logs/zz_generated.deepcopy.go:184.71,186.29 2 0
github.com/flanksource/apm-hub/api/logs/zz_generated.deepcopy.go:186.29,190.3 3 0
github.com/flanksource/apm-hub/api/logs/zz_generated.deepcopy.go:191.2,191.26 1 0
github.com/flanksource/apm-hub/api/logs/zz_generated.deepcopy.go:191.26,195.3 3 0
github.com/flanksource/apm-hub/api/logs/zz_generated.deepcopy.go:196.2,196.26 1 0
github.com/flanksource/apm-hub/api/logs/zz_generated.deepcopy.go:196.26,200.3 3 0
github.com/flanksource/apm-hub/api/logs/zz_generated.deepcopy.go:201.2,201.21 1 0
github.com/flanksource/apm-hub/api/logs/zz_generated.deepcopy.go:201.21,204.22 3 0
github.com/flanksource/apm-hub/api/logs/zz_generated.deepcopy.go:204.22,206.4 1 0
github.com/flanksource/apm-hub/api/logs/zz_generated.deepcopy.go:211.64,212.15 1 0
github.com/flanksource/apm-hub/api/logs/zz_generated.deepcopy.go:212.15,214.3 1 0
github.com/flanksource/apm-hub/api/logs/zz_generated.deepcopy.go:215.2,217.12 3 0
github.com/flanksource/apm-hub/api/logs/zz_generated.deepcopy.go:221.55,223.22 2 0
github.com/flanksource/apm-hub/api/logs/zz_generated.deepcopy.go:223.22,226.29 3 0
github.com/flanksource/apm-hub/api/logs/zz_generated.deepcopy.go:226.29,228.4 1 0
github.com/flanksource/apm-hub/api/logs/zz_generated.deepcopy.go:233.48,234.15 1 0
github.com/flanksource/apm-hub/api/logs/zz_generated.deepcopy.go:234.15,236.3 1 0
github.com/flanksource/apm-hub/api/logs/zz_generated.deepcopy.go:237.2,239.12 3 0
github.com/flanksource/apm-hub/controllers/loggingbackend_controller.go:47.106,52.16 4 0
github.com/flanksource/apm-hub/controllers/loggingbackend_controller.go:52.16,53.29 1 0
github.com/flanksource/apm-hub/controllers/loggingbackend_controller.go:53.29,56.4 2 0
github.com/flanksource/apm-hub/controllers/loggingbackend_controller.go:57.3,57.28 1 0
github.com/flanksource/apm-hub/controllers/loggingbackend_controller.go:61.2,61.40 1 0
github.com/flanksource/apm-hub/controllers/loggingbackend_controller.go:61.40,63.74 2 0
github.com/flanksource/apm-hub/controllers/loggingbackend_controller.go:63.74,66.4 2 0
github.com/flanksource/apm-hub/controllers/loggingbackend_controller.go:68.3,68.50 1 0
github.com/flanksource/apm-hub/controllers/loggingbackend_controller.go:68.50,70.4 1 0
github.com/flanksource/apm-hub/controllers/loggingbackend_controller.go:71.3,72.46 2 0
github.com/flanksource/apm-hub/controllers/loggingbackend_controller.go:76.2,76.76 1 0
github.com/flanksource/apm-hub/controllers/loggingbackend_controller.go:76.76,79.47 3 0
github.com/flanksource/apm-hub/controllers/loggingbackend_controller.go:79.47,81.4 1 0
github.com/flanksource/apm-hub/controllers/loggingbackend_controller.go:84.2,85.16 2 0
github.com/flanksource/apm-hub/controllers/loggingbackend_controller.go:85.16,88.3 2 0
github.com/flanksource/apm-hub/controllers/loggingbackend_controller.go:90.2,91.16 2 0
github.com/flanksource/apm-hub/controllers/loggingbackend_controller.go:91.16,94.3 2 0
github.com/flanksource/apm-hub/controllers/loggingbackend_controller.go:96.2,96.27 1 0
github.com/flanksource/apm-hub/controllers/loggingbackend_controller.go:100.77,104.2 1 0
